#
# A fatal error has been detected by the Java Runtime Environment:
#
#  SIGSEGV (0xb) at pc=0x00007fec5b261405, pid=15499, tid=0x00007fec2eaf2700
#
# JRE version: OpenJDK Runtime Environment (8.0_191-b12) (build 1.8.0_191-8u191-b12-0ubuntu0.16.04.1-b12)
# Java VM: OpenJDK 64-Bit Server VM (25.191-b12 mixed mode linux-amd64 compressed oops)
# Problematic frame:
# V  [libjvm.so+0x5c5405]
#
# Failed to write core dump. Core dumps have been disabled. To enable core dumping, try "ulimit -c unlimited" before starting Java again
#
# If you would like to submit a bug report, please visit:
#   http://bugreport.java.com/bugreport/crash.jsp
#

---------------  T H R E A D  ---------------

Current thread (0x00007fec5407a800):  VMThread [stack: 0x00007fec2e9f2000,0x00007fec2eaf3000] [id=15510]

siginfo: si_signo: 11 (SIGSEGV), si_code: 1 (SEGV_MAPERR), si_addr: 0x0000000000000008

Registers:
RAX=0x0000000000000000, RBX=0x00007fec2eaf11d0, RCX=0x0000000000000f00, RDX=0x0000000000000000
RSP=0x00007fec2eaf0ed0, RBP=0x00007fec2eaf0f30, RSI=0x0000000000000000, RDI=0x00007fec2fc00078
R8 =0x0000000000000005, R9 =0x0000000000000007, R10=0x00007fec54029e10, R11=0x0000000000000005
R12=0x00007fec2fc00078, R13=0x0000000000000001, R14=0x0000000000000005, R15=0x0000000000000001
RIP=0x00007fec5b261405, EFLAGS=0x0000000000010206, CSGSFS=0x002b000000000033, ERR=0x0000000000000004
  TRAPNO=0x000000000000000e

Top of Stack: (sp=0x00007fec2eaf0ed0)
0x00007fec2eaf0ed0:   00007fec2fc0044e 00007fec2eaf11d0
0x00007fec2eaf0ee0:   00007fec2eaf11d0 00007fec2eaf0f80
0x00007fec2eaf0ef0:   0000000000000005 54d1b4b734fe2b00
0x00007fec2eaf0f00:   00007fec2eaf0f30 00007fec2eaf0f80
0x00007fec2eaf0f10:   000000000000001a 00007fec54029e38
0x00007fec2eaf0f20:   00007fec2eaf11d0 00007fec2eaf0f70
0x00007fec2eaf0f30:   00007fec2eaf0ff0 00007fec5b262589
0x00007fec2eaf0f40:   00007fec2eaf0f80 00007fec2eaf0f70
0x00007fec2eaf0f50:   00007fec2eaf0f80 00007fec00000031
0x00007fec2eaf0f60:   00007fec2fc00458 00007fec5407a800
0x00007fec2eaf0f70:   00007fec2fc00458 00007fec5407a800
0x00007fec2eaf0f80:   00007fec2eaf0ff0 00007fec2fc00458
0x00007fec2eaf0f90:   00007fec5407a800 0000000800000005
0x00007fec2eaf0fa0:   000000b20000001a 000000b254070000
0x00007fec2eaf0fb0:   00007fec54029f00 54d1b4b734fe2b00
0x00007fec2eaf0fc0:   00007fec5407a800 0000000000000002
0x00007fec2eaf0fd0:   0000000000000028 00007fec2eaf11d0
0x00007fec2eaf0fe0:   00007fec54029db0 00007fec2eaf11d0
0x00007fec2eaf0ff0:   00007fec2eaf1020 00007fec5b265d67
0x00007fec2eaf1000:   00007fec2eaf1080 00007fec2eaf1050
0x00007fec2eaf1010:   00007fec2eaf1080 00007fec2eaf1040
0x00007fec2eaf1020:   00007fec2eaf10e0 00007fec5b266155
0x00007fec2eaf1030:   00000000000003d8 00007fec5407a800
0x00007fec2eaf1040:   00007fec2fc00458 00007fec5407a800
0x00007fec2eaf1050:   0000000000000100 0000000000000000
0x00007fec2eaf1060:   00007fec2eaf1240 0000000000000000
0x00007fec2eaf1070:   00007fec2eaf1220 00007fec5b54d907
0x00007fec2eaf1080:   00007fec54070000 0000000000000000
0x00007fec2eaf1090:   00007fec2eaf10a0 00007fec2eaf1000
0x00007fec2eaf10a0:   00007fec5407a800 54d1b4b734fe2b00
0x00007fec2eaf10b0:   00007fec2fc00458 00007fec2eaf11d0
0x00007fec2eaf10c0:   00007fec5407a800 00007fec54029d50 

Instructions: (pc=0x00007fec5b261405)
0x00007fec5b2613e5:   8b 40 08 4c 8b 60 08 4c 89 e7 e8 5c 68 ef ff 4c
0x00007fec5b2613f5:   89 e7 89 c6 e8 b2 69 ef ff 48 98 49 8b 44 c4 50
0x00007fec5b261405:   0f b6 40 08 3c 4c 0f 84 2f 01 00 00 3c 5b 0f 84
0x00007fec5b261415:   27 01 00 00 3c 4a 0f 84 d7 00 00 00 3c 44 0f 84 

Register to memory mapping:

RAX=0x0000000000000000 is an unknown value
RBX=0x00007fec2eaf11d0 is an unknown value
RCX=0x0000000000000f00 is an unknown value
RDX=0x0000000000000000 is an unknown value
RSP=0x00007fec2eaf0ed0 is an unknown value
RBP=0x00007fec2eaf0f30 is an unknown value
RSI=0x0000000000000000 is an unknown value
RDI=0x00007fec2fc00078 is pointing into metadata
R8 =0x0000000000000005 is an unknown value
R9 =0x0000000000000007 is an unknown value
R10=0x00007fec54029e10 is an unknown value
R11=0x0000000000000005 is an unknown value
R12=0x00007fec2fc00078 is pointing into metadata
R13=0x0000000000000001 is an unknown value
R14=0x0000000000000005 is an unknown value
R15=0x0000000000000001 is an unknown value


Stack: [0x00007fec2e9f2000,0x00007fec2eaf3000],  sp=0x00007fec2eaf0ed0,  free space=1019k
Native frames: (J=compiled Java code, j=interpreted, Vv=VM code, C=native code)
V  [libjvm.so+0x5c5405]
V  [libjvm.so+0x5c6589]
V  [libjvm.so+0x5c9d67]
V  [libjvm.so+0x5ca155]
V  [libjvm.so+0x8afbef]
V  [libjvm.so+0x8b17fe]
V  [libjvm.so+0x8b26ba]
V  [libjvm.so+0x8b2ff4]
V  [libjvm.so+0x625fe3]
V  [libjvm.so+0x846bab]
V  [libjvm.so+0x738a0c]
V  [libjvm.so+0xa7b0f7]
V  [libjvm.so+0xa787f7]
V  [libjvm.so+0xa79c7f]
V  [libjvm.so+0xa7a171]
V  [libjvm.so+0x8be122]

VM_Operation (0x00007fec2e4e89a0): GetOrSetLocal, mode: safepoint, requested by thread 0x00007fec540c4000


---------------  P R O C E S S  ---------------

Java Threads: ( => current thread )
  0x00007fec5400d000 JavaThread "DestroyJavaVM" [_thread_blocked, id=15505, stack(0x00007fec5c902000,0x00007fec5ca03000)]
  0x00007fec54145000 JavaThread "Thread-1" [_thread_blocked, id=15528, stack(0x00007fec2dae0000,0x00007fec2dbe1000)]
  0x00007fec54143000 JavaThread "Thread-0" [_thread_blocked, id=15527, stack(0x00007fec2dbe1000,0x00007fec2dce2000)]
  0x00007fec540da000 JavaThread "Service Thread" daemon [_thread_blocked, id=15524, stack(0x00007fec2dde3000,0x00007fec2dee4000)]
  0x00007fec540ce800 JavaThread "C1 CompilerThread2" daemon [_thread_blocked, id=15523, stack(0x00007fec2dee4000,0x00007fec2dfe5000)]
  0x00007fec540cc800 JavaThread "C2 CompilerThread1" daemon [_thread_blocked, id=15522, stack(0x00007fec2dfe5000,0x00007fec2e0e6000)]
  0x00007fec540c9800 JavaThread "C2 CompilerThread0" daemon [_thread_blocked, id=15521, stack(0x00007fec2e0e6000,0x00007fec2e1e7000)]
  0x00007fec1c001000 JavaThread "JDWP Command Reader" daemon [_thread_in_native, id=15519, stack(0x00007fec2e1e7000,0x00007fec2e2e8000)]
  0x00007fec540c7800 JavaThread "JDWP Event Helper Thread" daemon [_thread_blocked, id=15518, stack(0x00007fec2e2e8000,0x00007fec2e3e9000)]
  0x00007fec540c4000 JavaThread "JDWP Transport Listener: dt_socket" daemon [_thread_blocked, id=15515, stack(0x00007fec2e3e9000,0x00007fec2e4ea000)]
  0x00007fec540b8000 JavaThread "Signal Dispatcher" daemon [_thread_blocked, id=15513, stack(0x00007fec2e6ef000,0x00007fec2e7f0000)]
  0x00007fec54086800 JavaThread "Finalizer" daemon [_thread_blocked, id=15512, stack(0x00007fec2e7f0000,0x00007fec2e8f1000)]
  0x00007fec54084000 JavaThread "Reference Handler" daemon [_thread_blocked, id=15511, stack(0x00007fec2e8f1000,0x00007fec2e9f2000)]

Other Threads:
=>0x00007fec5407a800 VMThread [stack: 0x00007fec2e9f2000,0x00007fec2eaf3000] [id=15510]
  0x00007fec540dc800 WatcherThread [stack: 0x00007fec2dce2000,0x00007fec2dde3000] [id=15525]

VM state:at safepoint (normal execution)

VM Mutex/Monitor currently owned by a thread:  ([mutex/lock_event])
[0x00007fec54009600] Threads_lock - owner thread: 0x00007fec5407a800

Heap:
 PSYoungGen      total 36864K, used 1905K [0x00000000d6f80000, 0x00000000d9880000, 0x0000000100000000)
  eden space 31744K, 6% used [0x00000000d6f80000,0x00000000d715c420,0x00000000d8e80000)
  from space 5120K, 0% used [0x00000000d9380000,0x00000000d9380000,0x00000000d9880000)
  to   space 5120K, 0% used [0x00000000d8e80000,0x00000000d8e80000,0x00000000d9380000)
 ParOldGen       total 84992K, used 0K [0x0000000084e00000, 0x000000008a100000, 0x00000000d6f80000)
  object space 84992K, 0% used [0x0000000084e00000,0x0000000084e00000,0x000000008a100000)
 Metaspace       used 2661K, capacity 4664K, committed 4864K, reserved 1056768K
  class space    used 286K, capacity 424K, committed 512K, reserved 1048576K

Card table byte_map: [0x00007fec44c26000,0x00007fec45000000] byte_map_base: 0x00007fec447ff000

Marking Bits: (ParMarkBitMap*) 0x00007fec5bbcd520
 Begin Bits: [0x00007fec3c270000, 0x00007fec3e138000)
 End Bits:   [0x00007fec3e138000, 0x00007fec40000000)

Polling page: 0x00007fec5ca21000

CodeCache: size=245760Kb used=1079Kb max_used=1079Kb free=244681Kb
 bounds [0x00007fec45000000, 0x00007fec45270000, 0x00007fec54000000]
 total_blobs=236 nmethods=15 adapters=145
 compilation: enabled

Compilation events (10 events):
Event: 0.132 Thread 0x00007fec540ce800   11       3       java.lang.AbstractStringBuilder::ensureCapacityInternal (27 bytes)
Event: 0.133 Thread 0x00007fec540ce800 nmethod 11 0x00007fec4510abd0 code [0x00007fec4510ad60, 0x00007fec4510b1d8]
Event: 0.133 Thread 0x00007fec540ce800   12       1       java.lang.ThreadLocal::access$400 (5 bytes)
Event: 0.133 Thread 0x00007fec540ce800 nmethod 12 0x00007fec4510c350 code [0x00007fec4510c4a0, 0x00007fec4510c590]
Event: 0.134 Thread 0x00007fec540ce800   13       3       java.lang.System::getSecurityManager (4 bytes)
Event: 0.134 Thread 0x00007fec540ce800 nmethod 13 0x00007fec4510c610 code [0x00007fec4510c760, 0x00007fec4510c890]
Event: 0.137 Thread 0x00007fec540ce800   14       3       java.lang.AbstractStringBuilder::append (50 bytes)
Event: 0.138 Thread 0x00007fec540ce800 nmethod 14 0x00007fec4510c910 code [0x00007fec4510cae0, 0x00007fec4510d218]
Event: 0.138 Thread 0x00007fec540ce800   15       3       java.lang.String::getChars (62 bytes)
Event: 0.138 Thread 0x00007fec540ce800 nmethod 15 0x00007fec4510d550 code [0x00007fec4510d720, 0x00007fec4510dbb8]

GC Heap History (0 events):
No events

Deoptimization events (0 events):
No events

Classes redefined (10 events):
Event: 1069.235 Thread 0x00007fec5407a800 redefined class name=SamplePrograms, count=13
Event: 1075.045 Thread 0x00007fec5407a800 redefined class name=SamplePrograms, count=14
Event: 1107.248 Thread 0x00007fec5407a800 redefined class name=SamplePrograms, count=15
Event: 1148.411 Thread 0x00007fec5407a800 redefined class name=SamplePrograms, count=16
Event: 1234.500 Thread 0x00007fec5407a800 redefined class name=SamplePrograms, count=17
Event: 1256.143 Thread 0x00007fec5407a800 redefined class name=SamplePrograms, count=18
Event: 1283.437 Thread 0x00007fec5407a800 redefined class name=SamplePrograms, count=19
Event: 1318.383 Thread 0x00007fec5407a800 redefined class name=SamplePrograms, count=20
Event: 1590.396 Thread 0x00007fec5407a800 redefined class name=SamplePrograms, count=21
Event: 1605.874 Thread 0x00007fec5407a800 redefined class name=SamplePrograms, count=22

Internal exceptions (2 events):
Event: 0.022 Thread 0x00007fec5400d000 Exception <a 'java/lang/NoSuchMethodError': Method sun.misc.Unsafe.defineClass(Ljava/lang/String;[BII)Ljava/lang/Class; name or signature does not match> (0x00000000d6f87cb0) thrown at [/build/openjdk-8-yxDDQ4/openjdk-8-8u191-b12/src/hotspot/src/share/vm/
Event: 0.022 Thread 0x00007fec5400d000 Exception <a 'java/lang/NoSuchMethodError': Method sun.misc.Unsafe.prefetchRead(Ljava/lang/Object;J)V name or signature does not match> (0x00000000d6f87f98) thrown at [/build/openjdk-8-yxDDQ4/openjdk-8-8u191-b12/src/hotspot/src/share/vm/prims/jni.cpp, lin

Events (10 events):
Event: 4966.364 Executing VM operation: GetOwnedMonitorInfo done
Event: 4967.066 Executing VM operation: GetOwnedMonitorInfo
Event: 4967.066 Executing VM operation: GetOwnedMonitorInfo done
Event: 4967.066 Executing VM operation: GetCurrentContendedMonitor
Event: 4967.066 Executing VM operation: GetCurrentContendedMonitor done
Event: 4967.158 Executing VM operation: GetOwnedMonitorInfo
Event: 4967.158 Executing VM operation: GetOwnedMonitorInfo done
Event: 4967.158 Executing VM operation: GetCurrentContendedMonitor
Event: 4967.158 Executing VM operation: GetCurrentContendedMonitor done
Event: 4967.195 Executing VM operation: GetOrSetLocal


Dynamic libraries:
00400000-00401000 r-xp 00000000 08:06 3814131                            /usr/lib/jvm/java-8-openjdk-amd64/jre/bin/java
00600000-00601000 r--p 00000000 08:06 3814131                            /usr/lib/jvm/java-8-openjdk-amd64/jre/bin/java
00601000-00602000 rw-p 00001000 08:06 3814131                            /usr/lib/jvm/java-8-openjdk-amd64/jre/bin/java
01bce000-01bef000 rw-p 00000000 00:00 0                                  [heap]
84e00000-8a100000 rw-p 00000000 00:00 0 
8a100000-d6f80000 ---p 00000000 00:00 0 
d6f80000-d9880000 rw-p 00000000 00:00 0 
d9880000-100000000 ---p 00000000 00:00 0 
100000000-100080000 rw-p 00000000 00:00 0 
100080000-140000000 ---p 00000000 00:00 0 
7febf0000000-7febf0021000 rw-p 00000000 00:00 0 
7febf0021000-7febf4000000 ---p 00000000 00:00 0 
7febf8000000-7febf8021000 rw-p 00000000 00:00 0 
7febf8021000-7febfc000000 ---p 00000000 00:00 0 
7febfc000000-7febfc021000 rw-p 00000000 00:00 0 
7febfc021000-7fec00000000 ---p 00000000 00:00 0 
7fec00000000-7fec00021000 rw-p 00000000 00:00 0 
7fec00021000-7fec04000000 ---p 00000000 00:00 0 
7fec04000000-7fec04021000 rw-p 00000000 00:00 0 
7fec04021000-7fec08000000 ---p 00000000 00:00 0 
7fec08000000-7fec0804e000 rw-p 00000000 00:00 0 
7fec0804e000-7fec0c000000 ---p 00000000 00:00 0 
7fec0c000000-7fec0c021000 rw-p 00000000 00:00 0 
7fec0c021000-7fec10000000 ---p 00000000 00:00 0 
7fec10000000-7fec10021000 rw-p 00000000 00:00 0 
7fec10021000-7fec14000000 ---p 00000000 00:00 0 
7fec14000000-7fec14021000 rw-p 00000000 00:00 0 
7fec14021000-7fec18000000 ---p 00000000 00:00 0 
7fec18000000-7fec18021000 rw-p 00000000 00:00 0 
7fec18021000-7fec1c000000 ---p 00000000 00:00 0 
7fec1c000000-7fec1c021000 rw-p 00000000 00:00 0 
7fec1c021000-7fec20000000 ---p 00000000 00:00 0 
7fec20000000-7fec20021000 rw-p 00000000 00:00 0 
7fec20021000-7fec24000000 ---p 00000000 00:00 0 
7fec24000000-7fec24021000 rw-p 00000000 00:00 0 
7fec24021000-7fec28000000 ---p 00000000 00:00 0 
7fec28000000-7fec28021000 rw-p 00000000 00:00 0 
7fec28021000-7fec2c000000 ---p 00000000 00:00 0 
7fec2dae0000-7fec2dae3000 ---p 00000000 00:00 0 
7fec2dae3000-7fec2dbe1000 rw-p 00000000 00:00 0 
7fec2dbe1000-7fec2dbe4000 ---p 00000000 00:00 0 
7fec2dbe4000-7fec2dce2000 rw-p 00000000 00:00 0 
7fec2dce2000-7fec2dce3000 ---p 00000000 00:00 0 
7fec2dce3000-7fec2dde3000 rw-p 00000000 00:00 0 
7fec2dde3000-7fec2dde6000 ---p 00000000 00:00 0 
7fec2dde6000-7fec2dee4000 rw-p 00000000 00:00 0 
7fec2dee4000-7fec2dee7000 ---p 00000000 00:00 0 
7fec2dee7000-7fec2dfe5000 rw-p 00000000 00:00 0 
7fec2dfe5000-7fec2dfe8000 ---p 00000000 00:00 0 
7fec2dfe8000-7fec2e0e6000 rw-p 00000000 00:00 0 
7fec2e0e6000-7fec2e0e9000 ---p 00000000 00:00 0 
7fec2e0e9000-7fec2e1e7000 rw-p 00000000 00:00 0 
7fec2e1e7000-7fec2e1ea000 ---p 00000000 00:00 0 
7fec2e1ea000-7fec2e2e8000 rw-p 00000000 00:00 0 
7fec2e2e8000-7fec2e2eb000 ---p 00000000 00:00 0 
7fec2e2eb000-7fec2e3e9000 rw-p 00000000 00:00 0 
7fec2e3e9000-7fec2e3ec000 ---p 00000000 00:00 0 
7fec2e3ec000-7fec2e4ea000 rw-p 00000000 00:00 0 
7fec2e4ea000-7fec2e4ee000 r-xp 00000000 08:06 4197578                    /usr/lib/jvm/java-8-openjdk-amd64/jre/lib/amd64/libdt_socket.so
7fec2e4ee000-7fec2e6ed000 ---p 00004000 08:06 4197578                    /usr/lib/jvm/java-8-openjdk-amd64/jre/lib/amd64/libdt_socket.so
7fec2e6ed000-7fec2e6ee000 r--p 00003000 08:06 4197578                    /usr/lib/jvm/java-8-openjdk-amd64/jre/lib/amd64/libdt_socket.so
7fec2e6ee000-7fec2e6ef000 rw-p 00004000 08:06 4197578                    /usr/lib/jvm/java-8-openjdk-amd64/jre/lib/amd64/libdt_socket.so
7fec2e6ef000-7fec2e6f2000 ---p 00000000 00:00 0 
7fec2e6f2000-7fec2e7f0000 rw-p 00000000 00:00 0 
7fec2e7f0000-7fec2e7f3000 ---p 00000000 00:00 0 
7fec2e7f3000-7fec2e8f1000 rw-p 00000000 00:00 0 
7fec2e8f1000-7fec2e8f4000 ---p 00000000 00:00 0 
7fec2e8f4000-7fec2e9f2000 rw-p 00000000 00:00 0 
7fec2e9f2000-7fec2e9f3000 ---p 00000000 00:00 0 
7fec2e9f3000-7fec2fc40000 rw-p 00000000 00:00 0 
7fec2fc40000-7fec30000000 ---p 00000000 00:00 0 
7fec30000000-7fec30021000 rw-p 00000000 00:00 0 
7fec30021000-7fec34000000 ---p 00000000 00:00 0 
7fec34000000-7fec34021000 rw-p 00000000 00:00 0 
7fec34021000-7fec38000000 ---p 00000000 00:00 0 
7fec38000000-7fec38021000 rw-p 00000000 00:00 0 
7fec38021000-7fec3c000000 ---p 00000000 00:00 0 
7fec3c06e000-7fec40000000 rw-p 00000000 00:00 0 
7fec40000000-7fec40021000 rw-p 00000000 00:00 0 
7fec40021000-7fec44000000 ---p 00000000 00:00 0 
7fec44003000-7fec4401e000 r--s 001d6000 08:06 4854830                    /usr/lib/jvm/java-8-openjdk-amd64/jre/lib/ext/nashorn.jar
7fec4401e000-7fec44039000 r--s 00394000 08:06 4854831                    /usr/lib/jvm/java-8-openjdk-amd64/jre/lib/ext/cldrdata.jar
7fec44039000-7fec440ea000 rw-p 00000000 00:00 0 
7fec440ea000-7fec442b9000 r--s 03c33000 08:06 4071366                    /usr/lib/jvm/java-8-openjdk-amd64/jre/lib/rt.jar
7fec442b9000-7fec44692000 rw-p 00000000 00:00 0 
7fec44692000-7fec44693000 ---p 00000000 00:00 0 
7fec44693000-7fec44793000 rw-p 00000000 00:00 0 
7fec44793000-7fec44794000 ---p 00000000 00:00 0 
7fec44794000-7fec44894000 rw-p 00000000 00:00 0 
7fec44894000-7fec44895000 ---p 00000000 00:00 0 
7fec44895000-7fec449bf000 rw-p 00000000 00:00 0 
7fec449bf000-7fec44c26000 ---p 00000000 00:00 0 
7fec44c26000-7fec44c50000 rw-p 00000000 00:00 0 
7fec44c50000-7fec44eb6000 ---p 00000000 00:00 0 
7fec44eb6000-7fec44ecc000 rw-p 00000000 00:00 0 
7fec44ecc000-7fec44fff000 ---p 00000000 00:00 0 
7fec44fff000-7fec45000000 rw-p 00000000 00:00 0 
7fec45000000-7fec45270000 rwxp 00000000 00:00 0 
7fec45270000-7fec54000000 ---p 00000000 00:00 0 
7fec54000000-7fec54147000 rw-p 00000000 00:00 0 
7fec54147000-7fec58000000 ---p 00000000 00:00 0 
7fec58012000-7fec580a9000 rw-p 00000000 00:00 0 
7fec580a9000-7fec580aa000 ---p 00000000 00:00 0 
7fec580aa000-7fec581b4000 rw-p 00000000 00:00 0 
7fec581b4000-7fec5856a000 ---p 00000000 00:00 0 
7fec5856a000-7fec58572000 r-xp 00000000 08:06 4197575                    /usr/lib/jvm/java-8-openjdk-amd64/jre/lib/amd64/libzip.so
7fec58572000-7fec58771000 ---p 00008000 08:06 4197575                    /usr/lib/jvm/java-8-openjdk-amd64/jre/lib/amd64/libzip.so
7fec58771000-7fec58772000 r--p 00007000 08:06 4197575                    /usr/lib/jvm/java-8-openjdk-amd64/jre/lib/amd64/libzip.so
7fec58772000-7fec58773000 rw-p 00008000 08:06 4197575                    /usr/lib/jvm/java-8-openjdk-amd64/jre/lib/amd64/libzip.so
7fec58773000-7fec5877e000 r-xp 00000000 08:06 13505226                   /lib/x86_64-linux-gnu/libnss_files-2.23.so
7fec5877e000-7fec5897d000 ---p 0000b000 08:06 13505226                   /lib/x86_64-linux-gnu/libnss_files-2.23.so
7fec5897d000-7fec5897e000 r--p 0000a000 08:06 13505226                   /lib/x86_64-linux-gnu/libnss_files-2.23.so
7fec5897e000-7fec5897f000 rw-p 0000b000 08:06 13505226                   /lib/x86_64-linux-gnu/libnss_files-2.23.so
7fec5897f000-7fec58985000 rw-p 00000000 00:00 0 
7fec58985000-7fec58990000 r-xp 00000000 08:06 13505236                   /lib/x86_64-linux-gnu/libnss_nis-2.23.so
7fec58990000-7fec58b8f000 ---p 0000b000 08:06 13505236                   /lib/x86_64-linux-gnu/libnss_nis-2.23.so
7fec58b8f000-7fec58b90000 r--p 0000a000 08:06 13505236                   /lib/x86_64-linux-gnu/libnss_nis-2.23.so
7fec58b90000-7fec58b91000 rw-p 0000b000 08:06 13505236                   /lib/x86_64-linux-gnu/libnss_nis-2.23.so
7fec58b91000-7fec58ba7000 r-xp 00000000 08:06 13505220                   /lib/x86_64-linux-gnu/libnsl-2.23.so
7fec58ba7000-7fec58da6000 ---p 00016000 08:06 13505220                   /lib/x86_64-linux-gnu/libnsl-2.23.so
7fec58da6000-7fec58da7000 r--p 00015000 08:06 13505220                   /lib/x86_64-linux-gnu/libnsl-2.23.so
7fec58da7000-7fec58da8000 rw-p 00016000 08:06 13505220                   /lib/x86_64-linux-gnu/libnsl-2.23.so
7fec58da8000-7fec58daa000 rw-p 00000000 00:00 0 
7fec58daa000-7fec58db2000 r-xp 00000000 08:06 13505222                   /lib/x86_64-linux-gnu/libnss_compat-2.23.so
7fec58db2000-7fec58fb1000 ---p 00008000 08:06 13505222                   /lib/x86_64-linux-gnu/libnss_compat-2.23.so
7fec58fb1000-7fec58fb2000 r--p 00007000 08:06 13505222                   /lib/x86_64-linux-gnu/libnss_compat-2.23.so
7fec58fb2000-7fec58fb3000 rw-p 00008000 08:06 13505222                   /lib/x86_64-linux-gnu/libnss_compat-2.23.so
7fec58fb3000-7fec59972000 r--p 00000000 08:06 2235385                    /usr/lib/locale/locale-archive
7fec59972000-7fec59974000 r-xp 00000000 08:06 4197561                    /usr/lib/jvm/java-8-openjdk-amd64/jre/lib/amd64/libnpt.so
7fec59974000-7fec59b74000 ---p 00002000 08:06 4197561                    /usr/lib/jvm/java-8-openjdk-amd64/jre/lib/amd64/libnpt.so
7fec59b74000-7fec59b75000 r--p 00002000 08:06 4197561                    /usr/lib/jvm/java-8-openjdk-amd64/jre/lib/amd64/libnpt.so
7fec59b75000-7fec59b76000 rw-p 00003000 08:06 4197561                    /usr/lib/jvm/java-8-openjdk-amd64/jre/lib/amd64/libnpt.so
7fec59b76000-7fec59bb1000 r-xp 00000000 08:06 4197554                    /usr/lib/jvm/java-8-openjdk-amd64/jre/lib/amd64/libjdwp.so
7fec59bb1000-7fec59db1000 ---p 0003b000 08:06 4197554                    /usr/lib/jvm/java-8-openjdk-amd64/jre/lib/amd64/libjdwp.so
7fec59db1000-7fec59db2000 r--p 0003b000 08:06 4197554                    /usr/lib/jvm/java-8-openjdk-amd64/jre/lib/amd64/libjdwp.so
7fec59db2000-7fec59db3000 rw-p 0003c000 08:06 4197554                    /usr/lib/jvm/java-8-openjdk-amd64/jre/lib/amd64/libjdwp.so
7fec59db3000-7fec59de0000 r-xp 00000000 08:06 4197580                    /usr/lib/jvm/java-8-openjdk-amd64/jre/lib/amd64/libjava.so
7fec59de0000-7fec59fdf000 ---p 0002d000 08:06 4197580                    /usr/lib/jvm/java-8-openjdk-amd64/jre/lib/amd64/libjava.so
7fec59fdf000-7fec59fe0000 r--p 0002c000 08:06 4197580                    /usr/lib/jvm/java-8-openjdk-amd64/jre/lib/amd64/libjava.so
7fec59fe0000-7fec59fe2000 rw-p 0002d000 08:06 4197580                    /usr/lib/jvm/java-8-openjdk-amd64/jre/lib/amd64/libjava.so
7fec59fe2000-7fec59ff1000 r-xp 00000000 08:06 4197562                    /usr/lib/jvm/java-8-openjdk-amd64/jre/lib/amd64/libverify.so
7fec59ff1000-7fec5a1f0000 ---p 0000f000 08:06 4197562                    /usr/lib/jvm/java-8-openjdk-amd64/jre/lib/amd64/libverify.so
7fec5a1f0000-7fec5a1f2000 r--p 0000e000 08:06 4197562                    /usr/lib/jvm/java-8-openjdk-amd64/jre/lib/amd64/libverify.so
7fec5a1f2000-7fec5a1f3000 rw-p 00010000 08:06 4197562                    /usr/lib/jvm/java-8-openjdk-amd64/jre/lib/amd64/libverify.so
7fec5a1f3000-7fec5a1fa000 r-xp 00000000 08:06 13505281                   /lib/x86_64-linux-gnu/librt-2.23.so
7fec5a1fa000-7fec5a3f9000 ---p 00007000 08:06 13505281                   /lib/x86_64-linux-gnu/librt-2.23.so
7fec5a3f9000-7fec5a3fa000 r--p 00006000 08:06 13505281                   /lib/x86_64-linux-gnu/librt-2.23.so
7fec5a3fa000-7fec5a3fb000 rw-p 00007000 08:06 13505281                   /lib/x86_64-linux-gnu/librt-2.23.so
7fec5a3fb000-7fec5a411000 r-xp 00000000 08:06 13505165                   /lib/x86_64-linux-gnu/libgcc_s.so.1
7fec5a411000-7fec5a610000 ---p 00016000 08:06 13505165                   /lib/x86_64-linux-gnu/libgcc_s.so.1
7fec5a610000-7fec5a611000 rw-p 00015000 08:06 13505165                   /lib/x86_64-linux-gnu/libgcc_s.so.1
7fec5a611000-7fec5a719000 r-xp 00000000 08:06 13505197                   /lib/x86_64-linux-gnu/libm-2.23.so
7fec5a719000-7fec5a918000 ---p 00108000 08:06 13505197                   /lib/x86_64-linux-gnu/libm-2.23.so
7fec5a918000-7fec5a919000 r--p 00107000 08:06 13505197                   /lib/x86_64-linux-gnu/libm-2.23.so
7fec5a919000-7fec5a91a000 rw-p 00108000 08:06 13505197                   /lib/x86_64-linux-gnu/libm-2.23.so
7fec5a91a000-7fec5aa8c000 r-xp 00000000 08:06 2237474                    /usr/lib/x86_64-linux-gnu/libstdc++.so.6.0.21
7fec5aa8c000-7fec5ac8c000 ---p 00172000 08:06 2237474                    /usr/lib/x86_64-linux-gnu/libstdc++.so.6.0.21
7fec5ac8c000-7fec5ac96000 r--p 00172000 08:06 2237474                    /usr/lib/x86_64-linux-gnu/libstdc++.so.6.0.21
7fec5ac96000-7fec5ac98000 rw-p 0017c000 08:06 2237474                    /usr/lib/x86_64-linux-gnu/libstdc++.so.6.0.21
7fec5ac98000-7fec5ac9c000 rw-p 00000000 00:00 0 
7fec5ac9c000-7fec5b8fd000 r-xp 00000000 08:06 4330753                    /usr/lib/jvm/java-8-openjdk-amd64/jre/lib/amd64/server/libjvm.so
7fec5b8fd000-7fec5bafd000 ---p 00c61000 08:06 4330753                    /usr/lib/jvm/java-8-openjdk-amd64/jre/lib/amd64/server/libjvm.so
7fec5bafd000-7fec5bb91000 r--p 00c61000 08:06 4330753                    /usr/lib/jvm/java-8-openjdk-amd64/jre/lib/amd64/server/libjvm.so
7fec5bb91000-7fec5bbba000 rw-p 00cf5000 08:06 4330753                    /usr/lib/jvm/java-8-openjdk-amd64/jre/lib/amd64/server/libjvm.so
7fec5bbba000-7fec5bbea000 rw-p 00000000 00:00 0 
7fec5bbea000-7fec5bc02000 r-xp 00000000 08:06 13505273                   /lib/x86_64-linux-gnu/libpthread-2.23.so
7fec5bc02000-7fec5be01000 ---p 00018000 08:06 13505273                   /lib/x86_64-linux-gnu/libpthread-2.23.so
7fec5be01000-7fec5be02000 r--p 00017000 08:06 13505273                   /lib/x86_64-linux-gnu/libpthread-2.23.so
7fec5be02000-7fec5be03000 rw-p 00018000 08:06 13505273                   /lib/x86_64-linux-gnu/libpthread-2.23.so
7fec5be03000-7fec5be07000 rw-p 00000000 00:00 0 
7fec5be07000-7fec5be0a000 r-xp 00000000 08:06 13505151                   /lib/x86_64-linux-gnu/libdl-2.23.so
7fec5be0a000-7fec5c009000 ---p 00003000 08:06 13505151                   /lib/x86_64-linux-gnu/libdl-2.23.so
7fec5c009000-7fec5c00a000 r--p 00002000 08:06 13505151                   /lib/x86_64-linux-gnu/libdl-2.23.so
7fec5c00a000-7fec5c00b000 rw-p 00003000 08:06 13505151                   /lib/x86_64-linux-gnu/libdl-2.23.so
7fec5c00b000-7fec5c024000 r-xp 00000000 08:06 13505318                   /lib/x86_64-linux-gnu/libz.so.1.2.8
7fec5c024000-7fec5c223000 ---p 00019000 08:06 13505318                   /lib/x86_64-linux-gnu/libz.so.1.2.8
7fec5c223000-7fec5c224000 r--p 00018000 08:06 13505318                   /lib/x86_64-linux-gnu/libz.so.1.2.8
7fec5c224000-7fec5c225000 rw-p 00019000 08:06 13505318                   /lib/x86_64-linux-gnu/libz.so.1.2.8
7fec5c225000-7fec5c3e5000 r-xp 00000000 08:06 13505127                   /lib/x86_64-linux-gnu/libc-2.23.so
7fec5c3e5000-7fec5c5e5000 ---p 001c0000 08:06 13505127                   /lib/x86_64-linux-gnu/libc-2.23.so
7fec5c5e5000-7fec5c5e9000 r--p 001c0000 08:06 13505127                   /lib/x86_64-linux-gnu/libc-2.23.so
7fec5c5e9000-7fec5c5eb000 rw-p 001c4000 08:06 13505127                   /lib/x86_64-linux-gnu/libc-2.23.so
7fec5c5eb000-7fec5c5ef000 rw-p 00000000 00:00 0 
7fec5c5ef000-7fec5c5fc000 r-xp 00000000 08:06 4330754                    /usr/lib/jvm/java-8-openjdk-amd64/jre/lib/amd64/jli/libjli.so
7fec5c5fc000-7fec5c7fc000 ---p 0000d000 08:06 4330754                    /usr/lib/jvm/java-8-openjdk-amd64/jre/lib/amd64/jli/libjli.so
7fec5c7fc000-7fec5c7fd000 r--p 0000d000 08:06 4330754                    /usr/lib/jvm/java-8-openjdk-amd64/jre/lib/amd64/jli/libjli.so
7fec5c7fd000-7fec5c7fe000 rw-p 0000e000 08:06 4330754                    /usr/lib/jvm/java-8-openjdk-amd64/jre/lib/amd64/jli/libjli.so
7fec5c7fe000-7fec5c824000 r-xp 00000000 08:06 13505099                   /lib/x86_64-linux-gnu/ld-2.23.so
7fec5c82a000-7fec5c82d000 r--s 00038000 08:06 4854835                    /usr/lib/jvm/java-8-openjdk-amd64/jre/lib/ext/sunpkcs11.jar
7fec5c82d000-7fec5c837000 r--s 00116000 08:06 4854828                    /usr/lib/jvm/java-8-openjdk-amd64/jre/lib/ext/localedata.jar
7fec5c837000-7fec5c902000 rw-p 00000000 00:00 0 
7fec5c902000-7fec5c905000 ---p 00000000 00:00 0 
7fec5c905000-7fec5ca07000 rw-p 00000000 00:00 0 
7fec5ca09000-7fec5ca0b000 r--s 00001000 08:06 4854837                    /usr/lib/jvm/java-8-openjdk-amd64/jre/lib/ext/dnsns.jar
7fec5ca0b000-7fec5ca0c000 r--s 00010000 08:06 4854836                    /usr/lib/jvm/java-8-openjdk-amd64/jre/lib/ext/zipfs.jar
7fec5ca0c000-7fec5ca0e000 r--s 00008000 08:06 4854833                    /usr/lib/jvm/java-8-openjdk-amd64/jre/lib/ext/sunec.jar
7fec5ca0e000-7fec5ca11000 r--s 0000f000 08:06 4854829                    /usr/lib/jvm/java-8-openjdk-amd64/jre/lib/ext/icedtea-sound.jar
7fec5ca11000-7fec5ca12000 r--s 0000a000 08:06 4854834                    /usr/lib/jvm/java-8-openjdk-amd64/jre/lib/ext/jaccess.jar
7fec5ca12000-7fec5ca18000 r--s 0003b000 08:06 4854832                    /usr/lib/jvm/java-8-openjdk-amd64/jre/lib/ext/sunjce_provider.jar
7fec5ca18000-7fec5ca20000 rw-s 00000000 08:06 13239238                   /tmp/hsperfdata_sb-33/15499
7fec5ca20000-7fec5ca21000 rw-p 00000000 00:00 0 
7fec5ca21000-7fec5ca22000 ---p 00000000 00:00 0 
7fec5ca22000-7fec5ca23000 rw-p 00000000 00:00 0 
7fec5ca23000-7fec5ca24000 r--p 00025000 08:06 13505099                   /lib/x86_64-linux-gnu/ld-2.23.so
7fec5ca24000-7fec5ca25000 rw-p 00026000 08:06 13505099                   /lib/x86_64-linux-gnu/ld-2.23.so
7fec5ca25000-7fec5ca26000 rw-p 00000000 00:00 0 
7ffec0868000-7ffec0889000 rw-p 00000000 00:00 0                          [stack]
7ffec08e3000-7ffec08e6000 r--p 00000000 00:00 0                          [vvar]
7ffec08e6000-7ffec08e8000 r-xp 00000000 00:00 0                          [vdso]
ffffffffff600000-ffffffffff601000 r-xp 00000000 00:00 0                  [vsyscall]

VM Arguments:
jvm_args: -agentlib:jdwp=transport=dt_socket,suspend=y,address=localhost:40353 -Dfile.encoding=UTF-8 
java_command: SamplePrograms
java_class_path (initial): /home/sb-33/Desktop/repository/task-submissions/JavaProject/bin
Launcher Type: SUN_STANDARD

Environment Variables:
PATH=/home/sb-33/bin:/home/sb-33/.local/bin:/usr/local/sbin:/usr/local/bin:/usr/sbin:/usr/bin:/sbin:/bin:/usr/games:/usr/local/games:/snap/bin
SHELL=/bin/bash
DISPLAY=:0

Signal Handlers:
SIGSEGV: [libjvm.so+0xa74e00], sa_mask[0]=11111111011111111101111111111110, sa_flags=SA_RESTART|SA_SIGINFO
SIGBUS: [libjvm.so+0xa74e00], sa_mask[0]=11111111011111111101111111111110, sa_flags=SA_RESTART|SA_SIGINFO
SIGFPE: [libjvm.so+0x8bbe10], sa_mask[0]=11111111011111111101111111111110, sa_flags=SA_RESTART|SA_SIGINFO
SIGPIPE: [libjvm.so+0x8bbe10], sa_mask[0]=11111111011111111101111111111110, sa_flags=SA_RESTART|SA_SIGINFO
SIGXFSZ: [libjvm.so+0x8bbe10], sa_mask[0]=11111111011111111101111111111110, sa_flags=SA_RESTART|SA_SIGINFO
SIGILL: [libjvm.so+0x8bbe10], sa_mask[0]=11111111011111111101111111111110, sa_flags=SA_RESTART|SA_SIGINFO
SIGUSR1: SIG_DFL, sa_mask[0]=00000000000000000000000000000000, sa_flags=none
SIGUSR2: [libjvm.so+0x8bbcc0], sa_mask[0]=00100000000000000000000000000000, sa_flags=SA_RESTART|SA_SIGINFO
SIGHUP: [libjvm.so+0x8bc350], sa_mask[0]=11111111011111111101111111111110, sa_flags=SA_RESTART|SA_SIGINFO
SIGINT: [libjvm.so+0x8bc350], sa_mask[0]=11111111011111111101111111111110, sa_flags=SA_RESTART|SA_SIGINFO
SIGTERM: [libjvm.so+0x8bc350], sa_mask[0]=11111111011111111101111111111110, sa_flags=SA_RESTART|SA_SIGINFO
SIGQUIT: [libjvm.so+0x8bc350], sa_mask[0]=11111111011111111101111111111110, sa_flags=SA_RESTART|SA_SIGINFO


---------------  S Y S T E M  ---------------

OS:DISTRIB_ID=Ubuntu
DISTRIB_RELEASE=16.04
DISTRIB_CODENAME=xenial
DISTRIB_DESCRIPTION="Ubuntu 16.04.5 LTS"

uname:Linux 4.15.0-43-generic #46~16.04.1-Ubuntu SMP Fri Dec 7 13:31:08 UTC 2018 x86_64
libc:glibc 2.23 NPTL 2.23 
rlimit: STACK 8192k, CORE 0k, NPROC 31285, NOFILE 1048576, AS infinity
load average:0.33 0.26 0.30

/proc/meminfo:
MemTotal:        8068616 kB
MemFree:         3507272 kB
MemAvailable:    4836172 kB
Buffers:          222812 kB
Cached:          1601576 kB
SwapCached:            0 kB
Active:          3231356 kB
Inactive:         962364 kB
Active(anon):    2370868 kB
Inactive(anon):   385520 kB
Active(file):     860488 kB
Inactive(file):   576844 kB
Unevictable:          64 kB
Mlocked:              64 kB
SwapTotal:       1951740 kB
SwapFree:        1951740 kB
Dirty:               264 kB
Writeback:             0 kB
AnonPages:       2369664 kB
Mapped:           470956 kB
Shmem:            386804 kB
Slab:             242796 kB
SReclaimable:     195344 kB
SUnreclaim:        47452 kB
KernelStack:       14068 kB
PageTables:        54888 kB
NFS_Unstable:          0 kB
Bounce:                0 kB
WritebackTmp:          0 kB
CommitLimit:     5986048 kB
Committed_AS:   10333388 kB
VmallocTotal:   34359738367 kB
VmallocUsed:           0 kB
VmallocChunk:          0 kB
HardwareCorrupted:     0 kB
AnonHugePages:         0 kB
ShmemHugePages:        0 kB
ShmemPmdMapped:        0 kB
CmaTotal:              0 kB
CmaFree:               0 kB
HugePages_Total:       0
HugePages_Free:        0
HugePages_Rsvd:        0
HugePages_Surp:        0
Hugepagesize:       2048 kB
DirectMap4k:      199132 kB
DirectMap2M:     8089600 kB

container (cgroup) information:
container_type: cgroupv1
cpu_cpuset_cpus: 0-3
cpu_memory_nodes: 0
active_processor_count: 4
cpu_quota: -1
cpu_period: 100000
cpu_shares: -1
memory_limit_in_bytes: -1
memory_and_swap_limit_in_bytes: -2
memory_soft_limit_in_bytes: -1
memory_usage_in_bytes: 4294660096
memory_max_usage_in_bytes: 0


CPU:total 4 (initial active 4) (2 cores per cpu, 2 threads per core) family 6 model 58 stepping 9, cmov, cx8, fxsr, mmx, sse, sse2, sse3, ssse3, sse4.1, sse4.2, popcnt, avx, clmul, erms, ht, tsc, tscinvbit, tscinv

/proc/cpuinfo:
processor	: 0
vendor_id	: GenuineIntel
cpu family	: 6
model		: 58
model name	: Intel(R) Core(TM) i3-3220 CPU @ 3.30GHz
stepping	: 9
microcode	: 0x20
cpu MHz		: 2333.830
cache size	: 3072 KB
physical id	: 0
siblings	: 4
core id		: 0
cpu cores	: 2
apicid		: 0
initial apicid	: 0
fpu		: yes
fpu_exception	: yes
cpuid level	: 13
wp		: yes
flags		: fpu vme de pse tsc msr pae mce cx8 apic sep mtrr pge mca cmov pat pse36 clflush dts acpi mmx fxsr sse sse2 ss ht tm pbe syscall nx rdtscp lm constant_tsc arch_perfmon pebs bts rep_good nopl xtopology nonstop_tsc cpuid aperfmperf pni pclmulqdq dtes64 monitor ds_cpl vmx est tm2 ssse3 cx16 xtpr pdcm pcid sse4_1 sse4_2 popcnt tsc_deadline_timer xsave avx f16c lahf_lm cpuid_fault epb pti ssbd ibrs ibpb stibp tpr_shadow vnmi flexpriority ept vpid fsgsbase smep erms xsaveopt dtherm arat pln pts flush_l1d
bugs		: cpu_meltdown spectre_v1 spectre_v2 spec_store_bypass l1tf
bogomips	: 6584.98
clflush size	: 64
cache_alignment	: 64
address sizes	: 36 bits physical, 48 bits virtual
power management:

processor	: 1
vendor_id	: GenuineIntel
cpu family	: 6
model		: 58
model name	: Intel(R) Core(TM) i3-3220 CPU @ 3.30GHz
stepping	: 9
microcode	: 0x20
cpu MHz		: 2340.712
cache size	: 3072 KB
physical id	: 0
siblings	: 4
core id		: 1
cpu cores	: 2
apicid		: 2
initial apicid	: 2
fpu		: yes
fpu_exception	: yes
cpuid level	: 13
wp		: yes
flags		: fpu vme de pse tsc msr pae mce cx8 apic sep mtrr pge mca cmov pat pse36 clflush dts acpi mmx fxsr sse sse2 ss ht tm pbe syscall nx rdtscp lm constant_tsc arch_perfmon pebs bts rep_good nopl xtopology nonstop_tsc cpuid aperfmperf pni pclmulqdq dtes64 monitor ds_cpl vmx est tm2 ssse3 cx16 xtpr pdcm pcid sse4_1 sse4_2 popcnt tsc_deadline_timer xsave avx f16c lahf_lm cpuid_fault epb pti ssbd ibrs ibpb stibp tpr_shadow vnmi flexpriority ept vpid fsgsbase smep erms xsaveopt dtherm arat pln pts flush_l1d
bugs		: cpu_meltdown spectre_v1 spectre_v2 spec_store_bypass l1tf
bogomips	: 6584.98
clflush size	: 64
cache_alignment	: 64
address sizes	: 36 bits physical, 48 bits virtual
power management:

processor	: 2
vendor_id	: GenuineIntel
cpu family	: 6
model		: 58
model name	: Intel(R) Core(TM) i3-3220 CPU @ 3.30GHz
stepping	: 9
microcode	: 0x20
cpu MHz		: 2077.118
cache size	: 3072 KB
physical id	: 0
siblings	: 4
core id		: 0
cpu cores	: 2
apicid		: 1
initial apicid	: 1
fpu		: yes
fpu_exception	: yes
cpuid level	: 13
wp		: yes
flags		: fpu vme de pse tsc msr pae mce cx8 apic sep mtrr pge mca cmov pat pse36 clflush dts acpi mmx fxsr sse sse2 ss ht tm pbe syscall nx rdtscp lm constant_tsc arch_perfmon pebs bts rep_good nopl xtopology nonstop_tsc cpuid aperfmperf pni pclmulqdq dtes64 monitor ds_cpl vmx est tm2 ssse3 cx16 xtpr pdcm pcid sse4_1 sse4_2 popcnt tsc_deadline_timer xsave avx f16c lahf_lm cpuid_fault epb pti ssbd ibrs ibpb stibp tpr_shadow vnmi flexpriority ept vpid fsgsbase smep erms xsaveopt dtherm arat pln pts flush_l1d
bugs		: cpu_meltdown spectre_v1 spectre_v2 spec_store_bypass l1tf
bogomips	: 6584.98
clflush size	: 64
cache_alignment	: 64
address sizes	: 36 bits physical, 48 bits virtual
power management:

processor	: 3
vendor_id	: GenuineIntel
cpu family	: 6
model		: 58
model name	: Intel(R) Core(TM) i3-3220 CPU @ 3.30GHz
stepping	: 9
microcode	: 0x20
cpu MHz		: 3085.020
cache size	: 3072 KB
physical id	: 0
siblings	: 4
core id		: 1
cpu cores	: 2
apicid		: 3
initial apicid	: 3
fpu		: yes
fpu_exception	: yes
cpuid level	: 13
wp		: yes
flags		: fpu vme de pse tsc msr pae mce cx8 apic sep mtrr pge mca cmov pat pse36 clflush dts acpi mmx fxsr sse sse2 ss ht tm pbe syscall nx rdtscp lm constant_tsc arch_perfmon pebs bts rep_good nopl xtopology nonstop_tsc cpuid aperfmperf pni pclmulqdq dtes64 monitor ds_cpl vmx est tm2 ssse3 cx16 xtpr pdcm pcid sse4_1 sse4_2 popcnt tsc_deadline_timer xsave avx f16c lahf_lm cpuid_fault epb pti ssbd ibrs ibpb stibp tpr_shadow vnmi flexpriority ept vpid fsgsbase smep erms xsaveopt dtherm arat pln pts flush_l1d
bugs		: cpu_meltdown spectre_v1 spectre_v2 spec_store_bypass l1tf
bogomips	: 6584.98
clflush size	: 64
cache_alignment	: 64
address sizes	: 36 bits physical, 48 bits virtual
power management:



Memory: 4k page, physical 8068616k(3507272k free), swap 1951740k(1951740k free)

vm_info: OpenJDK 64-Bit Server VM (25.191-b12) for linux-amd64 JRE (1.8.0_191-8u191-b12-0ubuntu0.16.04.1-b12), built on Nov 20 2018 15:24:40 by "buildd" with gcc 5.4.0 20160609

time: Wed Jan 23 18:03:12 2019
elapsed time: 4967 seconds (0d 1h 22m 47s)

